<?xml version="1.0" encoding="UTF-8" ?>
<testsuite tests="9" failures="0" name="Part2_Multiplayer_Game.Tressure_Finder_Game.GameEngineTest" time="0" errors="0" skipped="0">
  <properties>
[...]
</properties>
  <testcase classname="Part2_Multiplayer_Game.Tressure_Finder_Game.GameEngineTest" name="testInvalidMapSizeNonDefaultConstructorM" time="0"/>
  <testcase classname="Part2_Multiplayer_Game.Tressure_Finder_Game.GameEngineTest" name="testStartingPositionCorrectness" time="0"/>
  <testcase classname="Part2_Multiplayer_Game.Tressure_Finder_Game.GameEngineTest" name="testValidNumberOfPlayersInput" time="0"/>
  <testcase classname="Part2_Multiplayer_Game.Tressure_Finder_Game.GameEngineTest" name="testInvalidNumberOfPlayersNonDefaultConstructorM" time="0"/>
  <testcase classname="Part2_Multiplayer_Game.Tressure_Finder_Game.GameEngineTest" name="testInitializedProperly" time="0"/>
  <testcase classname="Part2_Multiplayer_Game.Tressure_Finder_Game.GameEngineTest" name="testValidMapSizeInput" time="0"/>
  <testcase classname="Part2_Multiplayer_Game.Tressure_Finder_Game.GameEngineTest" name="testInvalidMapSizeInput1" time="0"/>
  <testcase classname="Part2_Multiplayer_Game.Tressure_Finder_Game.GameEngineTest" name="testInvalidMapSizeInput2" time="0"/>
  <testcase classname="Part2_Multiplayer_Game.Tressure_Finder_Game.GameEngineTest" name="testInvalidNumberOfPlayersInput" time="0"/>
</testsuite>